# JRE version: Java(TM) SE Runtime Environment (7.0_80-b15) (build 1.7.0_80-b15)
# Java VM: Java HotSpot(TM) 64-Bit Server VM (24.80-b11 mixed mode windows-amd64 compressed oops)
Heap
 PSYoungGen      total 151040K, used 64936K [0x0000000757d00000, 0x0000000762580000, 0x0000000800000000)
  eden space 129536K, 41% used [0x0000000757d00000,0x000000075b1d4080,0x000000075fb80000)
  from space 21504K, 50% used [0x0000000761080000,0x0000000761b16130,0x0000000762580000)
  to   space 21504K, 0% used [0x000000075fb80000,0x000000075fb80000,0x0000000761080000)
 ParOldGen       total 344064K, used 16K [0x0000000607800000, 0x000000061c800000, 0x0000000757d00000)
  object space 344064K, 0% used [0x0000000607800000,0x0000000607804000,0x000000061c800000)
 PSPermGen       total 21504K, used 12912K [0x0000000602600000, 0x0000000603b00000, 0x0000000607800000)
  object space 21504K, 60% used [0x0000000602600000,0x000000060329c3d8,0x0000000603b00000)
GC Heap History (4 events):
Event: 10.610 GC heap before
{Heap before GC invocations=1 (full 0):
 PSYoungGen      total 151040K, used 127687K [0x0000000757d00000, 0x0000000762580000, 0x0000000800000000)
  eden space 129536K, 98% used [0x0000000757d00000,0x000000075f9b1c90,0x000000075fb80000)
  from space 21504K, 0% used [0x0000000761080000,0x0000000761080000,0x0000000762580000)
  to   space 21504K, 0% used [0x000000075fb80000,0x000000075fb80000,0x0000000761080000)
 ParOldGen       total 344064K, used 0K [0x0000000607800000, 0x000000061c800000, 0x0000000757d00000)
  object space 344064K, 0% used [0x0000000607800000,0x0000000607800000,0x000000061c800000)
 PSPermGen       total 21504K, used 12691K [0x0000000602600000, 0x0000000603b00000, 0x0000000607800000)
  object space 21504K, 59% used [0x0000000602600000,0x0000000603264ea8,0x0000000603b00000)
Event: 10.616 GC heap after
Heap after GC invocations=1 (full 0):
 PSYoungGen      total 151040K, used 9650K [0x0000000757d00000, 0x0000000762580000, 0x0000000800000000)
  eden space 129536K, 0% used [0x0000000757d00000,0x0000000757d00000,0x000000075fb80000)
  from space 21504K, 44% used [0x000000075fb80000,0x00000007604ec808,0x0000000761080000)
  to   space 21504K, 0% used [0x0000000761080000,0x0000000761080000,0x0000000762580000)
 ParOldGen       total 344064K, used 8K [0x0000000607800000, 0x000000061c800000, 0x0000000757d00000)
  object space 344064K, 0% used [0x0000000607800000,0x0000000607802000,0x000000061c800000)
 PSPermGen       total 21504K, used 12691K [0x0000000602600000, 0x0000000603b00000, 0x0000000607800000)
  object space 21504K, 59% used [0x0000000602600000,0x0000000603264ea8,0x0000000603b00000)
}
Event: 11.380 GC heap before
{Heap before GC invocations=2 (full 0):
 PSYoungGen      total 151040K, used 139186K [0x0000000757d00000, 0x0000000762580000, 0x0000000800000000)
  eden space 129536K, 100% used [0x0000000757d00000,0x000000075fb80000,0x000000075fb80000)
  from space 21504K, 44% used [0x000000075fb80000,0x00000007604ec808,0x0000000761080000)
  to   space 21504K, 0% used [0x0000000761080000,0x0000000761080000,0x0000000762580000)
 ParOldGen       total 344064K, used 8K [0x0000000607800000, 0x000000061c800000, 0x0000000757d00000)
  object space 344064K, 0% used [0x0000000607800000,0x0000000607802000,0x000000061c800000)
 PSPermGen       total 21504K, used 12818K [0x0000000602600000, 0x0000000603b00000, 0x0000000607800000)
  object space 21504K, 59% used [0x0000000602600000,0x0000000603284ae8,0x0000000603b00000)
Event: 11.384 GC heap after
Heap after GC invocations=2 (full 0):
 PSYoungGen      total 151040K, used 10840K [0x0000000757d00000, 0x0000000762580000, 0x0000000800000000)
  eden space 129536K, 0% used [0x0000000757d00000,0x0000000757d00000,0x000000075fb80000)
  from space 21504K, 50% used [0x0000000761080000,0x0000000761b16130,0x0000000762580000)
  to   space 21504K, 0% used [0x000000075fb80000,0x000000075fb80000,0x0000000761080000)
 ParOldGen       total 344064K, used 16K [0x0000000607800000, 0x000000061c800000, 0x0000000757d00000)
  object space 344064K, 0% used [0x0000000607800000,0x0000000607804000,0x000000061c800000)
 PSPermGen       total 21504K, used 12818K [0x0000000602600000, 0x0000000603b00000, 0x0000000607800000)
  object space 21504K, 59% used [0x0000000602600000,0x0000000603284ae8,0x0000000603b00000)
}

